2014-11-26 14:31:09 1568 [Note] Plugin 'FEDERATED' is disabled.
2014-11-26 14:31:09 1568 [Note] InnoDB: The InnoDB memory heap is disabled
2014-11-26 14:31:09 1568 [Note] InnoDB: Mutexes and rw_locks use Windows interlocked functions
2014-11-26 14:31:09 1568 [Note] InnoDB: Compressed tables use zlib 1.2.3
2014-11-26 14:31:09 1568 [Note] InnoDB: Not using CPU crc32 instructions
2014-11-26 14:31:09 1568 [Note] InnoDB: Initializing buffer pool, size = 128.0M
2014-11-26 14:31:09 1568 [Note] InnoDB: Completed initialization of buffer pool
2014-11-26 14:31:09 1568 [Note] InnoDB: Setting log file F:\USBWebserver\mysql\data\ib_logfile101 size to 5 MB
2014-11-26 14:31:09 1568 [Note] InnoDB: Setting log file F:\USBWebserver\mysql\data\ib_logfile1 size to 5 MB
2014-11-26 14:31:10 1568 [Note] InnoDB: Renaming log file F:\USBWebserver\mysql\data\ib_logfile101 to F:\USBWebserver\mysql\data\ib_logfile0
2014-11-26 14:31:10 1568 [Warning] InnoDB: New log files created, LSN=1626134
2014-11-26 14:31:10 1568 [Note] InnoDB: Highest supported file format is Barracuda.
2014-11-26 14:31:10 1568 [Note] InnoDB: 128 rollback segment(s) are active.
2014-11-26 14:31:10 1568 [Note] InnoDB: Waiting for purge to start
2014-11-26 14:31:10 1568 [Note] InnoDB: 5.6.13 started; log sequence number 1626636
2014-11-26 14:31:10 1568 [Warning] No existing UUID has been found, so we assume that this is the first time that this server has been started. Generating a new UUID: 7c0d0e6e-7570-11e4-85ff-f8bc1272341f.
2014-11-26 14:31:10 1568 [Note] Server hostname (bind-address): '*'; port: 3307
2014-11-26 14:31:10 1568 [Note] IPv6 is available.
2014-11-26 14:31:10 1568 [Note]   - '::' resolves to '::';
2014-11-26 14:31:10 1568 [Note] Server socket created on IP: '::'.
2014-11-26 14:31:11 1568 [Note] Event Scheduler: Loaded 0 events
2014-11-26 14:31:11 1568 [Note] F:\USBWebserver/mysql/bin/mysqld_usbwv8.exe: ready for connections.
Version: '5.6.13'  socket: ''  port: 3307  MySQL Community Server (GPL)
2014-11-27 13:39:47 3208 [Note] Plugin 'FEDERATED' is disabled.
2014-11-27 13:39:47 3208 [Note] InnoDB: The InnoDB memory heap is disabled
2014-11-27 13:39:47 3208 [Note] InnoDB: Mutexes and rw_locks use Windows interlocked functions
2014-11-27 13:39:47 3208 [Note] InnoDB: Compressed tables use zlib 1.2.3
2014-11-27 13:39:47 3208 [Note] InnoDB: Not using CPU crc32 instructions
2014-11-27 13:39:47 3208 [Note] InnoDB: Initializing buffer pool, size = 128.0M
2014-11-27 13:39:47 3208 [Note] InnoDB: Completed initialization of buffer pool
2014-11-27 13:39:48 3208 [Note] InnoDB: Highest supported file format is Barracuda.
2014-11-27 13:39:48 3208 [Note] InnoDB: The log sequence numbers 1626134 and 1626134 in ibdata files do not match the log sequence number 1760337 in the ib_logfiles!
2014-11-27 13:39:48 3208 [Note] InnoDB: Database was not shutdown normally!
2014-11-27 13:39:48 3208 [Note] InnoDB: Starting crash recovery.
2014-11-27 13:39:48 3208 [Note] InnoDB: Reading tablespace information from the .ibd files...
2014-11-27 13:39:48 3208 [Note] InnoDB: Restoring possible half-written data pages 
2014-11-27 13:39:48 3208 [Note] InnoDB: from the doublewrite buffer...
2014-11-27 13:39:49 3208 [Note] InnoDB: 128 rollback segment(s) are active.
2014-11-27 13:39:49 3208 [Note] InnoDB: Waiting for purge to start
2014-11-27 13:39:49 3208 [Note] InnoDB: 5.6.13 started; log sequence number 1760337
2014-11-27 13:39:49 3208 [Note] Server hostname (bind-address): '*'; port: 3307
2014-11-27 13:39:49 3208 [Note] IPv6 is available.
2014-11-27 13:39:49 3208 [Note]   - '::' resolves to '::';
2014-11-27 13:39:49 3208 [Note] Server socket created on IP: '::'.
2014-11-27 13:39:50 3208 [Note] Event Scheduler: Loaded 0 events
2014-11-27 13:39:50 3208 [Note] F:\USBWebserver/mysql/bin/mysqld_usbwv8.exe: ready for connections.
Version: '5.6.13'  socket: ''  port: 3307  MySQL Community Server (GPL)
2014-12-03 13:54:34 5744 [Note] Plugin 'FEDERATED' is disabled.
2014-12-03 13:54:34 5744 [Note] InnoDB: The InnoDB memory heap is disabled
2014-12-03 13:54:34 5744 [Note] InnoDB: Mutexes and rw_locks use Windows interlocked functions
2014-12-03 13:54:34 5744 [Note] InnoDB: Compressed tables use zlib 1.2.3
2014-12-03 13:54:34 5744 [Note] InnoDB: Not using CPU crc32 instructions
2014-12-03 13:54:34 5744 [Note] InnoDB: Initializing buffer pool, size = 128.0M
2014-12-03 13:54:34 5744 [Note] InnoDB: Completed initialization of buffer pool
2014-12-03 13:54:34 5744 [Note] InnoDB: Highest supported file format is Barracuda.
2014-12-03 13:54:34 5744 [Note] InnoDB: The log sequence numbers 1626134 and 1626134 in ibdata files do not match the log sequence number 1794792 in the ib_logfiles!
2014-12-03 13:54:34 5744 [Note] InnoDB: Database was not shutdown normally!
2014-12-03 13:54:34 5744 [Note] InnoDB: Starting crash recovery.
2014-12-03 13:54:34 5744 [Note] InnoDB: Reading tablespace information from the .ibd files...
2014-12-03 13:54:35 5744 [Note] InnoDB: Restoring possible half-written data pages 
2014-12-03 13:54:35 5744 [Note] InnoDB: from the doublewrite buffer...
2014-12-03 13:54:36 5744 [Note] InnoDB: 128 rollback segment(s) are active.
2014-12-03 13:54:36 5744 [Note] InnoDB: Waiting for purge to start
2014-12-03 13:54:36 5744 [Note] InnoDB: 5.6.13 started; log sequence number 1794792
2014-12-03 13:54:36 5744 [Note] Server hostname (bind-address): '*'; port: 3307
2014-12-03 13:54:36 5744 [Note] IPv6 is available.
2014-12-03 13:54:36 5744 [Note]   - '::' resolves to '::';
2014-12-03 13:54:36 5744 [Note] Server socket created on IP: '::'.
2014-12-03 13:54:37 5744 [Note] Event Scheduler: Loaded 0 events
2014-12-03 13:54:37 5744 [Note] F:\USBWebserver/mysql/bin/mysqld_usbwv8.exe: ready for connections.
Version: '5.6.13'  socket: ''  port: 3307  MySQL Community Server (GPL)
